This is pdfTeX, Version 3.1415926-2.4-1.40.13 (MiKTeX 2.9 64-bit) (preloaded format=pdflatex 2014.5.12)  11 MAY 2019 00:18
entering extended mode
**SVDProject.tex

("C:\Users\Justin\Desktop\Comp Final\Scientific-Computing\Project\SVDProject.te
x"
LaTeX2e <2011/06/27>
Babel <v3.8m> and hyphenation patterns for english, afrikaans, ancientgreek, ar
abic, armenian, assamese, basque, bengali, bokmal, bulgarian, catalan, coptic, 
croatian, czech, danish, dutch, esperanto, estonian, farsi, finnish, french, ga
lician, german, german-x-2012-05-30, greek, gujarati, hindi, hungarian, iceland
ic, indonesian, interlingua, irish, italian, kannada, kurmanji, latin, latvian,
 lithuanian, malayalam, marathi, mongolian, mongolianlmc, monogreek, ngerman, n
german-x-2012-05-30, nynorsk, oriya, panjabi, pinyin, polish, portuguese, roman
ian, russian, sanskrit, serbian, slovak, slovenian, spanish, swedish, swissgerm
an, tamil, telugu, turkish, turkmen, ukenglish, ukrainian, uppersorbian, usengl
ishmax, welsh, loaded.
("C:\Program Files\MiKTeX 2.9\tex\latex\base\article.cls"
Document Class: article 2007/10/19 v1.4h Standard LaTeX document class
("C:\Program Files\MiKTeX 2.9\tex\latex\base\size12.clo"
File: size12.clo 2007/10/19 v1.4h Standard LaTeX file (size option)
)
\c@part=\count79
\c@section=\count80
\c@subsection=\count81
\c@subsubsection=\count82
\c@paragraph=\count83
\c@subparagraph=\count84
\c@figure=\count85
\c@table=\count86
\abovecaptionskip=\skip41
\belowcaptionskip=\skip42
\bibindent=\dimen102
)
("C:\Program Files\MiKTeX 2.9\tex\latex\geometry\geometry.sty"
Package: geometry 2010/09/12 v5.6 Page Geometry

("C:\Program Files\MiKTeX 2.9\tex\latex\graphics\keyval.sty"
Package: keyval 1999/03/16 v1.13 key=value parser (DPC)
\KV@toks@=\toks14
)
("C:\Program Files\MiKTeX 2.9\tex\generic\oberdiek\ifpdf.sty"
Package: ifpdf 2011/01/30 v2.3 Provides the ifpdf switch (HO)
Package ifpdf Info: pdfTeX in PDF mode is detected.
)
("C:\Program Files\MiKTeX 2.9\tex\generic\oberdiek\ifvtex.sty"
Package: ifvtex 2010/03/01 v1.5 Detect VTeX and its facilities (HO)
Package ifvtex Info: VTeX not detected.
)
("C:\Program Files\MiKTeX 2.9\tex\generic\ifxetex\ifxetex.sty"
Package: ifxetex 2010/09/12 v0.6 Provides ifxetex conditional
)
\Gm@cnth=\count87
\Gm@cntv=\count88
\c@Gm@tempcnt=\count89
\Gm@bindingoffset=\dimen103
\Gm@wd@mp=\dimen104
\Gm@odd@mp=\dimen105
\Gm@even@mp=\dimen106
\Gm@layoutwidth=\dimen107
\Gm@layoutheight=\dimen108
\Gm@layouthoffset=\dimen109
\Gm@layoutvoffset=\dimen110
\Gm@dimlist=\toks15

("C:\Program Files\MiKTeX 2.9\tex\latex\geometry\geometry.cfg"))
("C:\Program Files\MiKTeX 2.9\tex\latex\amsmath\amsmath.sty"
Package: amsmath 2013/01/14 v2.14 AMS math features
\@mathmargin=\skip43

For additional information on amsmath, use the `?' option.
("C:\Program Files\MiKTeX 2.9\tex\latex\amsmath\amstext.sty"
Package: amstext 2000/06/29 v2.01

("C:\Program Files\MiKTeX 2.9\tex\latex\amsmath\amsgen.sty"
File: amsgen.sty 1999/11/30 v2.0
\@emptytoks=\toks16
\ex@=\dimen111
))
("C:\Program Files\MiKTeX 2.9\tex\latex\amsmath\amsbsy.sty"
Package: amsbsy 1999/11/29 v1.2d
\pmbraise@=\dimen112
)
("C:\Program Files\MiKTeX 2.9\tex\latex\amsmath\amsopn.sty"
Package: amsopn 1999/12/14 v2.01 operator names
)
\inf@bad=\count90
LaTeX Info: Redefining \frac on input line 210.
\uproot@=\count91
\leftroot@=\count92
LaTeX Info: Redefining \overline on input line 306.
\classnum@=\count93
\DOTSCASE@=\count94
LaTeX Info: Redefining \ldots on input line 378.
LaTeX Info: Redefining \dots on input line 381.
LaTeX Info: Redefining \cdots on input line 466.
\Mathstrutbox@=\box26
\strutbox@=\box27
\big@size=\dimen113
LaTeX Font Info:    Redeclaring font encoding OML on input line 566.
LaTeX Font Info:    Redeclaring font encoding OMS on input line 567.
\macc@depth=\count95
\c@MaxMatrixCols=\count96
\dotsspace@=\muskip10
\c@parentequation=\count97
\dspbrk@lvl=\count98
\tag@help=\toks17
\row@=\count99
\column@=\count100
\maxfields@=\count101
\andhelp@=\toks18
\eqnshift@=\dimen114
\alignsep@=\dimen115
\tagshift@=\dimen116
\tagwidth@=\dimen117
\totwidth@=\dimen118
\lineht@=\dimen119
\@envbody=\toks19
\multlinegap=\skip44
\multlinetaggap=\skip45
\mathdisplay@stack=\toks20
LaTeX Info: Redefining \[ on input line 2665.
LaTeX Info: Redefining \] on input line 2666.
)
("C:\Program Files\MiKTeX 2.9\tex\latex\amsfonts\amssymb.sty"
Package: amssymb 2013/01/14 v3.01 AMS font symbols

("C:\Program Files\MiKTeX 2.9\tex\latex\amsfonts\amsfonts.sty"
Package: amsfonts 2013/01/14 v3.01 Basic AMSFonts support
\symAMSa=\mathgroup4
\symAMSb=\mathgroup5
LaTeX Font Info:    Overwriting math alphabet `\mathfrak' in version `bold'
(Font)                  U/euf/m/n --> U/euf/b/n on input line 106.
))
("C:\Program Files\MiKTeX 2.9\tex\latex\amscls\amsthm.sty"
Package: amsthm 2004/08/06 v2.20
\thm@style=\toks21
\thm@bodyfont=\toks22
\thm@headfont=\toks23
\thm@notefont=\toks24
\thm@headpunct=\toks25
\thm@preskip=\skip46
\thm@postskip=\skip47
\thm@headsep=\skip48
\dth@everypar=\toks26
)
("C:\Program Files\MiKTeX 2.9\tex\latex\graphics\graphicx.sty"
Package: graphicx 1999/02/16 v1.0f Enhanced LaTeX Graphics (DPC,SPQR)

("C:\Program Files\MiKTeX 2.9\tex\latex\graphics\graphics.sty"
Package: graphics 2009/02/05 v1.0o Standard LaTeX Graphics (DPC,SPQR)

("C:\Program Files\MiKTeX 2.9\tex\latex\graphics\trig.sty"
Package: trig 1999/03/16 v1.09 sin cos tan (DPC)
)
("C:\Program Files\MiKTeX 2.9\tex\latex\00miktex\graphics.cfg"
File: graphics.cfg 2007/01/18 v1.5 graphics configuration of teTeX/TeXLive
)
Package graphics Info: Driver file: pdftex.def on input line 91.

("C:\Program Files\MiKTeX 2.9\tex\latex\pdftex-def\pdftex.def"
File: pdftex.def 2011/05/27 v0.06d Graphics/color for pdfTeX

("C:\Program Files\MiKTeX 2.9\tex\generic\oberdiek\infwarerr.sty"
Package: infwarerr 2010/04/08 v1.3 Providing info/warning/error messages (HO)
)
("C:\Program Files\MiKTeX 2.9\tex\generic\oberdiek\ltxcmds.sty"
Package: ltxcmds 2011/11/09 v1.22 LaTeX kernel commands for general use (HO)
)
\Gread@gobject=\count102
))
\Gin@req@height=\dimen120
\Gin@req@width=\dimen121
)
("C:\Program Files\MiKTeX 2.9\tex\latex\fancyhdr\fancyhdr.sty"
\fancy@headwidth=\skip49
\f@ncyO@elh=\skip50
\f@ncyO@erh=\skip51
\f@ncyO@olh=\skip52
\f@ncyO@orh=\skip53
\f@ncyO@elf=\skip54
\f@ncyO@erf=\skip55
\f@ncyO@olf=\skip56
\f@ncyO@orf=\skip57
)
\c@lem=\count103

("C:\Users\Justin\Desktop\Comp Final\Scientific-Computing\Project\SVDProject.au
x")
LaTeX Font Info:    Checking defaults for OML/cmm/m/it on input line 17.
LaTeX Font Info:    ... okay on input line 17.
LaTeX Font Info:    Checking defaults for T1/cmr/m/n on input line 17.
LaTeX Font Info:    ... okay on input line 17.
LaTeX Font Info:    Checking defaults for OT1/cmr/m/n on input line 17.
LaTeX Font Info:    ... okay on input line 17.
LaTeX Font Info:    Checking defaults for OMS/cmsy/m/n on input line 17.
LaTeX Font Info:    ... okay on input line 17.
LaTeX Font Info:    Checking defaults for OMX/cmex/m/n on input line 17.
LaTeX Font Info:    ... okay on input line 17.
LaTeX Font Info:    Checking defaults for U/cmr/m/n on input line 17.
LaTeX Font Info:    ... okay on input line 17.

*geometry* driver: auto-detecting
*geometry* detected driver: pdftex
*geometry* verbose mode - [ preamble ] result:
* driver: pdftex
* paper: a4paper
* layout: <same size as paper>
* layoutoffset:(h,v)=(0.0pt,0.0pt)
* modes: 
* h-part:(L,W,R)=(89.62709pt, 418.25368pt, 89.6271pt)
* v-part:(T,H,B)=(101.40665pt, 591.5302pt, 152.11pt)
* \paperwidth=597.50787pt
* \paperheight=845.04684pt
* \textwidth=418.25368pt
* \textheight=591.5302pt
* \oddsidemargin=17.3571pt
* \evensidemargin=17.3571pt
* \topmargin=-7.86334pt
* \headheight=12.0pt
* \headsep=25.0pt
* \topskip=12.0pt
* \footskip=30.0pt
* \marginparwidth=44.0pt
* \marginparsep=10.0pt
* \columnsep=10.0pt
* \skip\footins=10.8pt plus 4.0pt minus 2.0pt
* \hoffset=0.0pt
* \voffset=0.0pt
* \mag=1000
* \@twocolumnfalse
* \@twosidefalse
* \@mparswitchfalse
* \@reversemarginfalse
* (1in=72.27pt=25.4mm, 1cm=28.453pt)

("C:\Program Files\MiKTeX 2.9\tex\context\base\supp-pdf.mkii"
[Loading MPS to PDF converter (version 2006.09.02).]
\scratchcounter=\count104
\scratchdimen=\dimen122
\scratchbox=\box28
\nofMPsegments=\count105
\nofMParguments=\count106
\everyMPshowfont=\toks27
\MPscratchCnt=\count107
\MPscratchDim=\dimen123
\MPnumerator=\count108
\makeMPintoPDFobject=\count109
\everyMPtoPDFconversion=\toks28
)
LaTeX Font Info:    Try loading font information for U+msa on input line 18.
 ("C:\Program Files\MiKTeX 2.9\tex\latex\amsfonts\umsa.fd"
File: umsa.fd 2013/01/14 v3.01 AMS symbols A
)
LaTeX Font Info:    Try loading font information for U+msb on input line 18.

("C:\Program Files\MiKTeX 2.9\tex\latex\amsfonts\umsb.fd"
File: umsb.fd 2013/01/14 v3.01 AMS symbols B
) [1

{C:/ProgramData/MiKTeX/2.9/pdftex/config/pdftex.map}]

Package Fancyhdr Warning: \headheight is too small (12.0pt): 
 Make it at least 14.49998pt.
 We now make it that large for the rest of the document.
 This may cause the page layout to be inconsistent, however.

[2]
("C:\Users\Justin\Desktop\Comp Final\Scientific-Computing\Project\SVDProject.to
c")
\tf@toc=\write3
 [3] [4]
Overfull \hbox (118.97159pt too wide) in paragraph at lines 58--58
[]    \OT1/cmtt/m/n/12 D,V = np.linalg.eig(A) # Get the eigenvalues and vectors
 No need for multiplication[] 
 []


Overfull \hbox (26.34654pt too wide) in paragraph at lines 58--58
[]    \OT1/cmtt/m/n/12 D,V = np.linalg.eig(np.dot(A.T,A)) # Get the eigenvalues
 and vectors[] 
 []


Overfull \hbox (13.99654pt too wide) in paragraph at lines 58--58
[]    \OT1/cmtt/m/n/12 s=D[np.flip(np.argsort(D))] #Sort the singular values by
 magnitude[] 
 []


Overfull \hbox (51.04655pt too wide) in paragraph at lines 58--58
[]    \OT1/cmtt/m/n/12 V=V[:,np.flip(np.argsort(D))] #Move the columns of the V
 matrix to match[] 
 []


Overfull \hbox (7.82153pt too wide) in paragraph at lines 58--58
[]    \OT1/cmtt/m/n/12 #Note VV^T=I So, AV=US, and S is just a diagonal entry o
f values.[] 
 []

[5] <votescree.png, id=32, 433.62pt x 289.08pt>
File: votescree.png Graphic file (type png)
 <use votescree.png>
Package pdftex.def Info: votescree.png used on input line 80.
(pdftex.def)             Requested size: 325.2142pt x 216.80946pt.
 [6]
Overfull \hbox (112.79659pt too wide) in paragraph at lines 95--95
[]    \OT1/cmtt/m/n/12 Parse vote results and create new senator class object w
ith initial votes (-1,0,1)[] 
 []

[7 <C:/Users/Justin/Desktop/Comp Final/Scientific-Computing/Project/votescree.p
ng>] <107th1.png, id=42, 722.7pt x 578.16pt>
File: 107th1.png Graphic file (type png)
 <use 107th1.png>
Package pdftex.def Info: 107th1.png used on input line 99.
(pdftex.def)             Requested size: 289.07487pt x 231.2599pt.

<107th2.png, id=43, 722.7pt x 578.16pt>
File: 107th2.png Graphic file (type png)
 <use 107th2.png>
Package pdftex.def Info: 107th2.png used on input line 100.
(pdftex.def)             Requested size: 289.07487pt x 231.2599pt.
 [8 <C:/Users/Justin/Desktop/Comp Final/Scientific-Computing/Project/107th1.png
> <C:/Users/Justin/Desktop/Comp Final/Scientific-Computing/Project/107th2.png>]

<101st1.png, id=49, 722.7pt x 578.16pt>
File: 101st1.png Graphic file (type png)
 <use 101st1.png>
Package pdftex.def Info: 101st1.png used on input line 105.
(pdftex.def)             Requested size: 180.67455pt x 144.53964pt.

<104th1.png, id=50, 722.7pt x 578.16pt>
File: 104th1.png Graphic file (type png)
 <use 104th1.png>
Package pdftex.def Info: 104th1.png used on input line 106.
(pdftex.def)             Requested size: 180.67455pt x 144.53964pt.
File: 107th1.png Graphic file (type png)
 <use 107th1.png>
Package pdftex.def Info: 107th1.png used on input line 107.
(pdftex.def)             Requested size: 180.67455pt x 144.53964pt.

<110th1.png, id=51, 722.7pt x 578.16pt>
File: 110th1.png Graphic file (type png)
 <use 110th1.png>
Package pdftex.def Info: 110th1.png used on input line 108.
(pdftex.def)             Requested size: 180.67455pt x 144.53964pt.

<113th2.png, id=52, 722.7pt x 578.16pt>
File: 113th2.png Graphic file (type png)
 <use 113th2.png>
Package pdftex.def Info: 113th2.png used on input line 109.
(pdftex.def)             Requested size: 180.67455pt x 144.53964pt.
 [9 <C:/Users/Justin/Desktop/Comp Final/Scientific-Computing/Project/101st1.png
> <C:/Users/Justin/Desktop/Comp Final/Scientific-Computing/Project/104th1.png> 
<C:/Users/Justin/Desktop/Comp Final/Scientific-Computing/Project/110th1.png>] [
10 <C:/Users/Justin/Desktop/Comp Final/Scientific-Computing/Project/113th2.png>
]
<RasandThea.png, id=63, 3035.34pt x 4047.12pt>
File: RasandThea.png Graphic file (type png)
 <use RasandThea.png>
Package pdftex.def Info: RasandThea.png used on input line 117.
(pdftex.def)             Requested size: 242.83215pt x 323.77621pt.
 [11 <C:/Users/Justin/Desktop/Comp Final/Scientific-Computing/Project/RasandThe
a.png (PNG copy)>] <RasandTheaGrey.png, id=67, 326.21875pt x 435.6275pt>
File: RasandTheaGrey.png Graphic file (type png)

<use RasandTheaGrey.png>
Package pdftex.def Info: RasandTheaGrey.png used on input line 126.
(pdftex.def)             Requested size: 244.66345pt x 326.71982pt.
 <grey5.png, id=68, 329.23pt x 436.63126pt>
File: grey5.png Graphic file (type png)

<use grey5.png>
Package pdftex.def Info: grey5.png used on input line 132.
(pdftex.def)             Requested size: 131.68965pt x 174.6494pt.
 <grey10.png, id=69, 329.23pt x 435.6275pt>
File: grey10.png Graphic file (type png)
 <use grey10.png>
Package pdftex.def Info: grey10.png used on input line 133.
(pdftex.def)             Requested size: 131.68965pt x 174.24791pt.

<grey50.png, id=70, 327.2225pt x 435.6275pt>
File: grey50.png Graphic file (type png)
 <use grey50.png>
Package pdftex.def Info: grey50.png used on input line 134.
(pdftex.def)             Requested size: 130.88667pt x 174.24791pt.
 [12 <C:/Users/Justin/Desktop/Comp Final/Scientific-Computing/Project/RasandThe
aGrey.png>]
<grey100.png, id=75, 328.22626pt x 434.62375pt>
File: grey100.png Graphic file (type png)
 <use grey100.png>
Package pdftex.def Info: grey100.png used on input line 138.
(pdftex.def)             Requested size: 196.93727pt x 260.77626pt.
File: RasandTheaGrey.png Graphic file (type png)

<use RasandTheaGrey.png>
Package pdftex.def Info: RasandTheaGrey.png used on input line 139.
(pdftex.def)             Requested size: 195.73274pt x 261.37851pt.
 [13 <C:/Users/Justin/Desktop/Comp Final/Scientific-Computing/Project/grey5.png
> <C:/Users/Justin/Desktop/Comp Final/Scientific-Computing/Project/grey10.png> 
<C:/Users/Justin/Desktop/Comp Final/Scientific-Computing/Project/grey50.png> <C
:/Users/Justin/Desktop/Comp Final/Scientific-Computing/Project/grey100.png>] <c
ol1.png, id=84, 327.2225pt x 434.62375pt>
File: col1.png Graphic file (type png)

<use col1.png>
Package pdftex.def Info: col1.png used on input line 154.
(pdftex.def)             Requested size: 196.335pt x 260.77626pt.
 [14 <C:/Users/Justin/Desktop/Comp Final/Scientific-Computing/Project/col1.png>
] <col5.png, id=89, 327.2225pt x 436.63126pt>
File: col5.png Graphic file (type png)
 <use col5.png>
Package pdftex.def Info: col5.png used on input line 158.
(pdftex.def)             Requested size: 130.88667pt x 174.6494pt.

<col50.png, id=90, 325.215pt x 434.62375pt>
File: col50.png Graphic file (type png)
 <use col50.png>
Package pdftex.def Info: col50.png used on input line 159.
(pdftex.def)             Requested size: 130.0837pt x 173.8464pt.

<col100.png, id=91, 328.22626pt x 434.62375pt>
File: col100.png Graphic file (type png)
 <use col100.png>
Package pdftex.def Info: col100.png used on input line 160.
(pdftex.def)             Requested size: 131.28816pt x 173.8464pt.
 [15 <C:/Users/Justin/Desktop/Comp Final/Scientific-Computing/Project/col5.png>
 <C:/Users/Justin/Desktop/Comp Final/Scientific-Computing/Project/col50.png> <C
:/Users/Justin/Desktop/Comp Final/Scientific-Computing/Project/col100.png>] [16
]
Underfull \hbox (badness 10000) in paragraph at lines 174--175
[]\OT1/cmr/m/n/12 Pillow.readthedocs.io. (2019). \OT1/cmr/m/it/12 Im-age Mod-ul
e \OT1/cmr/m/n/12 - \OT1/cmr/m/it/12 Pil-low
 []


Underfull \hbox (badness 10000) in paragraph at lines 174--175
\OT1/cmr/m/it/12 (PIL Fork) 3.1.2 doc-u-men-ta-tion. \OT1/cmr/m/n/12 [on-line] 
Avail-able at:
 []


Underfull \hbox (badness 10000) in paragraph at lines 174--175
\OT1/cmr/m/n/12 https://pillow.readthedocs.io/en/3.1.x/reference/Image.html [Ac
-cessed 10
 []

Missing character: There is no â in font cmr12!
Missing character: There is no € in font cmr12!
Missing character: There is no “ in font cmr12!
[17]
("C:\Users\Justin\Desktop\Comp Final\Scientific-Computing\Project\SVDProject.au
x") ) 
Here is how much of TeX's memory you used:
 2830 strings out of 493921
 36249 string characters out of 3147279
 96154 words of memory out of 3000000
 6083 multiletter control sequences out of 15000+200000
 15434 words of font info for 59 fonts, out of 3000000 for 9000
 841 hyphenation exceptions out of 8191
 27i,11n,43p,1082b,295s stack positions out of 5000i,500n,10000p,200000b,50000s
<C:/Program Files/MiKTeX 2.9/fonts/type1/public/amsfonts/cm/cmbx10.pfb><C:
/Program Files/MiKTeX 2.9/fonts/type1/public/amsfonts/cm/cmbx12.pfb><C:/Program
 Files/MiKTeX 2.9/fonts/type1/public/amsfonts/cm/cmex10.pfb><C:/Program Files/M
iKTeX 2.9/fonts/type1/public/amsfonts/cm/cmmi10.pfb><C:/Program Files/MiKTeX 2.
9/fonts/type1/public/amsfonts/cm/cmmi12.pfb><C:/Program Files/MiKTeX 2.9/fonts/
type1/public/amsfonts/cm/cmmi8.pfb><C:/Program Files/MiKTeX 2.9/fonts/type1/pub
lic/amsfonts/cm/cmr10.pfb><C:/Program Files/MiKTeX 2.9/fonts/type1/public/amsfo
nts/cm/cmr12.pfb><C:/Program Files/MiKTeX 2.9/fonts/type1/public/amsfonts/cm/cm
r8.pfb><C:/Program Files/MiKTeX 2.9/fonts/type1/public/amsfonts/cm/cmsl12.pfb><
C:/Program Files/MiKTeX 2.9/fonts/type1/public/amsfonts/cm/cmsy10.pfb><C:/Progr
am Files/MiKTeX 2.9/fonts/type1/public/amsfonts/cm/cmsy8.pfb><C:/Program Files/
MiKTeX 2.9/fonts/type1/public/amsfonts/cm/cmti12.pfb><C:/Program Files/MiKTeX 2
.9/fonts/type1/public/amsfonts/cm/cmtt12.pfb><C:/Program Files/MiKTeX 2.9/fonts
/type1/public/amsfonts/symbols/msbm10.pfb>
Output written on SVDProject.pdf (17 pages, 12250454 bytes).
PDF statistics:
 151 PDF objects out of 1000 (max. 8388607)
 0 named destinations out of 1000 (max. 500000)
 86 words of extra memory for PDF output out of 10000 (max. 10000000)

